<?xml version="1.0" encoding="UTF-8"?>
<testsuite name="Busqueda Despachos" tests="1" skipped="0" failures="1" errors="0" timestamp="2019-11-07T03:00:37" hostname="LAPTOP-K3IUS7GG" time="111.462">
  <properties/>
  <testcase name="Buscar despachos de jurisdiccion disciplinaria" classname="Busqueda Despachos" time="111.462">
    <failure message="java.lang.AssertionError: &#10;Expected: a string containing &quot;Resultados Encontrados: 4&quot;&#10;     but: was &quot;Resultados Encontrados: 5871&quot;" type="java.lang.AssertionError">java.lang.AssertionError: 
Expected: a string containing &quot;Resultados Encontrados: 4&quot;
     but: was &quot;Resultados Encontrados: 5871&quot;
	at net.serenitybdd.screenplay.ErrorTally.throwSummaryExceptionFrom(ErrorTally.java:36)
	at net.serenitybdd.screenplay.ErrorTally.reportAnyErrors(ErrorTally.java:30)
	at net.serenitybdd.screenplay.Actor.should(Actor.java:300)
	at com.co.devco.automatizacion.stepdefinitions.DirectorioNacionalSteps.MostrarDespachos(DirectorioNacionalSteps.java:58)
	at ✽.debe poder mostrar informacion de 4 despachos(src/test/resources/features/directorio_nacional.feature:12)
</failure>
  </testcase>
  <system-out><![CDATA[?[32m.?[0m?[32m.?[0m?[31mF?[0m]]></system-out>
  <system-err><![CDATA[nov 06, 2019 10:00:38 PM org.openqa.selenium.remote.DesiredCapabilities chrome
INFORMACIÓN: Using `new ChromeOptions()` is preferred to `DesiredCapabilities.chrome()`
Starting ChromeDriver 78.0.3904.70 (edb9c9f3de0247fd912a77b7f6cae7447f6d3ad5-refs/branch-heads/3904@{#800}) on port 33080
Only local connections are allowed.
Please protect ports used by ChromeDriver and related test frameworks to prevent access by malicious code.
nov 06, 2019 10:00:41 PM org.openqa.selenium.remote.ProtocolHandshake createSession
INFORMACIÓN: Detected dialect: W3C
]]></system-err>
</testsuite>
