<?xml version="1.0" encoding="UTF-8"?>
<testsuite name="Proceso Judicial" tests="1" skipped="0" failures="0" errors="0" timestamp="2019-11-08T03:28:25" hostname="LAPTOP-K3IUS7GG" time="20.156">
  <properties/>
  <testcase name="Consultar el proceso judicial 0000000000" classname="Proceso Judicial" time="20.156"/>
  <system-out><![CDATA[?[32m.?[0m?[32m.?[0m?[32m.?[0m]]></system-out>
  <system-err><![CDATA[nov 07, 2019 10:28:26 PM org.openqa.selenium.remote.DesiredCapabilities chrome
INFORMACIÓN: Using `new ChromeOptions()` is preferred to `DesiredCapabilities.chrome()`
Starting ChromeDriver 78.0.3904.70 (edb9c9f3de0247fd912a77b7f6cae7447f6d3ad5-refs/branch-heads/3904@{#800}) on port 34279
Only local connections are allowed.
Please protect ports used by ChromeDriver and related test frameworks to prevent access by malicious code.
nov 07, 2019 10:28:31 PM org.openqa.selenium.remote.ProtocolHandshake createSession
INFORMACIÓN: Detected dialect: W3C
]]></system-err>
</testsuite>
