<?xml version="1.0" encoding="UTF-8"?>
<testsuite name="Busqueda Despachos" tests="1" skipped="0" failures="0" errors="0" timestamp="2019-11-08T01:13:33" hostname="LAPTOP-K3IUS7GG" time="19.367">
  <properties/>
  <testcase name="Buscar despachos de jurisdiccion disciplinaria" classname="Busqueda Despachos" time="19.367"/>
  <system-out><![CDATA[?[32m.?[0m?[32m.?[0m?[32m.?[0m]]></system-out>
  <system-err><![CDATA[nov 07, 2019 8:13:34 PM org.openqa.selenium.remote.DesiredCapabilities chrome
INFORMACIÓN: Using `new ChromeOptions()` is preferred to `DesiredCapabilities.chrome()`
Starting ChromeDriver 78.0.3904.70 (edb9c9f3de0247fd912a77b7f6cae7447f6d3ad5-refs/branch-heads/3904@{#800}) on port 44260
Only local connections are allowed.
Please protect ports used by ChromeDriver and related test frameworks to prevent access by malicious code.
nov 07, 2019 8:13:38 PM org.openqa.selenium.remote.ProtocolHandshake createSession
INFORMACIÓN: Detected dialect: W3C
]]></system-err>
</testsuite>
