<?xml version="1.0" encoding="UTF-8"?>
<testsuite name="com.co.devco.automatizacion.runners.DirectorioNacionalRunner" tests="0" skipped="0" failures="0" errors="0" timestamp="1970-01-01T00:00:00" hostname="LAPTOP-K3IUS7GG" time="0.0">
  <properties/>
  <system-out><![CDATA[
?[31mFailed scenarios:?[0m
?[31msrc/test/resources/features/directorio_nacional.feature:8 ?[0m# Buscar despachos de jurisdiccion disciplinaria

1 Scenarios (?[31m1 failed?[0m)
3 Steps (?[31m1 failed?[0m, ?[32m2 passed?[0m)
1m52,738s

java.lang.AssertionError: 
Expected: a string containing "Resultados Encontrados: 4"
     but: was "Resultados Encontrados: 5871"
	at net.serenitybdd.screenplay.ErrorTally.throwSummaryExceptionFrom(ErrorTally.java:36)
	at net.serenitybdd.screenplay.ErrorTally.reportAnyErrors(ErrorTally.java:30)
	at net.serenitybdd.screenplay.Actor.should(Actor.java:300)
	at com.co.devco.automatizacion.stepdefinitions.DirectorioNacionalSteps.MostrarDespachos(DirectorioNacionalSteps.java:58)
	at ?.debe poder mostrar informacion de 4 despachos(src/test/resources/features/directorio_nacional.feature:12)


]]></system-out>
  <system-err><![CDATA[SLF4J: Failed to load class "org.slf4j.impl.StaticLoggerBinder".
SLF4J: Defaulting to no-operation (NOP) logger implementation
SLF4J: See http://www.slf4j.org/codes.html#StaticLoggerBinder for further details.
]]></system-err>
</testsuite>
